<?xml version="1.0" encoding="UTF-8"?>
<!-- Generated by org.testng.reporters.JUnitXMLReporter -->
<testsuite ignored="0" hostname="Manasvis-MacBook-Air.local" failures="0" tests="4" name="Fims UI Tests" time="13.496" errors="0" timestamp="2026-04-06T03:21:55 PDT">
  <testcase classname="tests.LoginTest" name="invalidLogin_wrongPassword" time="2.243"/>
  <testcase classname="tests.LoginTest" name="invalidLogin_wrongUsername" time="1.282"/>
  <testcase classname="tests.LoginTest" name="invalidLogin_emptyFields" time="0.536"/>
  <testcase classname="tests.LoginTest" name="verifyLogin" time="0.659"/>
</testsuite> <!-- Fims UI Tests -->
