<?xml version="1.0" encoding="UTF-8"?>
<!-- Generated by org.testng.reporters.JUnitXMLReporter -->
<testsuite ignored="0" hostname="Manasvis-MacBook-Air.local" failures="0" tests="4" name="Fims UI Tests" time="14.473" errors="0" timestamp="2026-04-06T09:02:24 PDT">
  <testcase classname="tests.LoginTest" name="invalidLogin_wrongPassword" time="2.081"/>
  <testcase classname="tests.LoginTest" name="invalidLogin_wrongUsername" time="0.986"/>
  <testcase classname="tests.LoginTest" name="invalidLogin_emptyFields" time="0.416"/>
  <testcase classname="tests.LoginTest" name="verifyLogin" time="1.029"/>
</testsuite> <!-- Fims UI Tests -->
