<?xml version="1.0" encoding="UTF-8"?>
<testng-results ignored="0" total="4" passed="4" failed="0" skipped="0">
  <reporter-output>
  </reporter-output>
  <suite started-at="2026-04-06T09:02:10 PDT" name="Playwright Test Suite" finished-at="2026-04-06T09:02:24 PDT" duration-ms="14473">
    <groups>
    </groups>
    <test started-at="2026-04-06T09:02:10 PDT" name="Fims UI Tests" finished-at="2026-04-06T09:02:24 PDT" duration-ms="14473">
      <class name="tests.LoginTest">
        <test-method is-config="true" signature="setup()[pri:0, instance:tests.LoginTest@48ae9b55]" started-at="2026-04-06T09:01:49 PDT" name="setup" finished-at="2026-04-06T09:02:10 PDT" duration-ms="20898" status="PASS">
          <reporter-output>
          </reporter-output>
        </test-method> <!-- setup -->
        <test-method is-config="true" signature="beforeTest()[pri:0, instance:tests.LoginTest@48ae9b55]" started-at="2026-04-06T09:02:10 PDT" name="beforeTest" finished-at="2026-04-06T09:02:14 PDT" duration-ms="4687" status="PASS">
          <reporter-output>
          </reporter-output>
        </test-method> <!-- beforeTest -->
        <test-method signature="invalidLogin_wrongPassword()[pri:1, instance:tests.LoginTest@48ae9b55]" started-at="2026-04-06T09:02:14 PDT" name="invalidLogin_wrongPassword" finished-at="2026-04-06T09:02:16 PDT" duration-ms="2081" status="PASS">
          <reporter-output>
          </reporter-output>
        </test-method> <!-- invalidLogin_wrongPassword -->
        <test-method is-config="true" signature="beforeTest()[pri:0, instance:tests.LoginTest@48ae9b55]" started-at="2026-04-06T09:02:17 PDT" name="beforeTest" finished-at="2026-04-06T09:02:18 PDT" duration-ms="1863" status="PASS">
          <reporter-output>
          </reporter-output>
        </test-method> <!-- beforeTest -->
        <test-method signature="invalidLogin_wrongUsername()[pri:2, instance:tests.LoginTest@48ae9b55]" started-at="2026-04-06T09:02:18 PDT" name="invalidLogin_wrongUsername" finished-at="2026-04-06T09:02:19 PDT" duration-ms="986" status="PASS">
          <reporter-output>
          </reporter-output>
        </test-method> <!-- invalidLogin_wrongUsername -->
        <test-method is-config="true" signature="beforeTest()[pri:0, instance:tests.LoginTest@48ae9b55]" started-at="2026-04-06T09:02:19 PDT" name="beforeTest" finished-at="2026-04-06T09:02:21 PDT" duration-ms="1598" status="PASS">
          <reporter-output>
          </reporter-output>
        </test-method> <!-- beforeTest -->
        <test-method signature="invalidLogin_emptyFields()[pri:3, instance:tests.LoginTest@48ae9b55]" started-at="2026-04-06T09:02:21 PDT" name="invalidLogin_emptyFields" finished-at="2026-04-06T09:02:21 PDT" duration-ms="416" status="PASS">
          <reporter-output>
          </reporter-output>
        </test-method> <!-- invalidLogin_emptyFields -->
        <test-method is-config="true" signature="beforeTest()[pri:0, instance:tests.LoginTest@48ae9b55]" started-at="2026-04-06T09:02:21 PDT" name="beforeTest" finished-at="2026-04-06T09:02:23 PDT" duration-ms="1637" status="PASS">
          <reporter-output>
          </reporter-output>
        </test-method> <!-- beforeTest -->
        <test-method signature="verifyLogin()[pri:4, instance:tests.LoginTest@48ae9b55]" started-at="2026-04-06T09:02:23 PDT" name="verifyLogin" finished-at="2026-04-06T09:02:24 PDT" duration-ms="1029" status="PASS">
          <reporter-output>
          </reporter-output>
        </test-method> <!-- verifyLogin -->
        <test-method is-config="true" signature="tearDown()[pri:0, instance:tests.LoginTest@48ae9b55]" started-at="2026-04-06T09:02:24 PDT" name="tearDown" finished-at="2026-04-06T09:02:25 PDT" duration-ms="309" status="PASS">
          <reporter-output>
          </reporter-output>
        </test-method> <!-- tearDown -->
      </class> <!-- tests.LoginTest -->
    </test> <!-- Fims UI Tests -->
  </suite> <!-- Playwright Test Suite -->
</testng-results>
