<?xml version="1.0" encoding="UTF-8"?>
<testsuite xmlns:xsi="http://www.w3.org/2001/XMLSchema-instance" xsi:noNamespaceSchemaLocation="https://maven.apache.org/surefire/maven-surefire-plugin/xsd/surefire-test-report-3.0.xsd" version="3.0" name="TestSuite" time="36.689" tests="4" errors="0" skipped="0" failures="0">
  <properties>
[...]
</properties>
  <testcase name="invalidLogin_wrongPassword" classname="tests.LoginTest" time="2.109">
    <system-out><![CDATA[
		
		        Your password is invalid!
		        
		      
]]></system-out>
  </testcase>
  <testcase name="invalidLogin_wrongUsername" classname="tests.LoginTest" time="1.003">
    <system-out><![CDATA[
		
		        Your password is invalid!
		        
		      
]]></system-out>
  </testcase>
  <testcase name="invalidLogin_emptyFields" classname="tests.LoginTest" time="0.426">
    <system-out><![CDATA[
		
		        Your username is invalid!
		        
		      
]]></system-out>
  </testcase>
  <testcase name="verifyLogin" classname="tests.LoginTest" time="1.04">
    <system-out><![CDATA[
		        You logged into a secure area!
		        
		      
]]></system-out>
  </testcase>
</testsuite>