<?xml version="1.0" encoding="UTF-8"?>
<testng-results ignored="0" total="1" passed="1" failed="0" skipped="0">
  <reporter-output>
  </reporter-output>
  <suite started-at="2026-04-06T01:56:43 PDT" name="Playwright Test Suite" finished-at="2026-04-06T01:56:50 PDT" duration-ms="7408">
    <groups>
    </groups>
    <test started-at="2026-04-06T01:56:43 PDT" name="Fims UI Tests" finished-at="2026-04-06T01:56:50 PDT" duration-ms="7408">
      <class name="tests.LoginTest">
        <test-method is-config="true" signature="setup()[pri:0, instance:tests.LoginTest@9225652]" started-at="2026-04-06T01:56:23 PDT" name="setup" finished-at="2026-04-06T01:56:43 PDT" duration-ms="19939" status="PASS">
          <reporter-output>
          </reporter-output>
        </test-method> <!-- setup -->
        <test-method signature="verifyLogin()[pri:0, instance:tests.LoginTest@9225652]" started-at="2026-04-06T01:56:43 PDT" name="verifyLogin" finished-at="2026-04-06T01:56:50 PDT" duration-ms="7313" status="PASS">
          <reporter-output>
          </reporter-output>
        </test-method> <!-- verifyLogin -->
        <test-method is-config="true" signature="tearDown()[pri:0, instance:tests.LoginTest@9225652]" started-at="2026-04-06T01:56:50 PDT" name="tearDown" finished-at="2026-04-06T01:56:50 PDT" duration-ms="189" status="PASS">
          <reporter-output>
          </reporter-output>
        </test-method> <!-- tearDown -->
      </class> <!-- tests.LoginTest -->
    </test> <!-- Fims UI Tests -->
  </suite> <!-- Playwright Test Suite -->
</testng-results>
