<?xml version="1.0" encoding="UTF-8"?>
<!-- Generated by org.testng.reporters.JUnitReportReporter -->
<testsuite hostname="Manasvis-MacBook-Air.local" failures="0" tests="4" name="tests.LoginTest" time="13.365" errors="0" timestamp="2026-04-06T03:21:55 PDT" skipped="0">
  <testcase classname="tests.LoginTest" name="invalidLogin_wrongPassword" time="3.991"/>
  <testcase classname="tests.LoginTest" name="invalidLogin_wrongUsername" time="2.727"/>
  <testcase classname="tests.LoginTest" name="invalidLogin_emptyFields" time="2.231"/>
  <testcase classname="tests.LoginTest" name="verifyLogin" time="4.416"/>
</testsuite> <!-- tests.LoginTest -->
