<?xml version="1.0" encoding="UTF-8"?>
<!-- Generated by org.testng.reporters.JUnitReportReporter -->
<testsuite hostname="Manasvis-MacBook-Air.local" failures="0" tests="4" name="tests.LoginTest" time="14.297" errors="0" timestamp="2026-04-06T09:02:25 PDT" skipped="0">
  <testcase classname="tests.LoginTest" name="invalidLogin_wrongPassword" time="6.768"/>
  <testcase classname="tests.LoginTest" name="invalidLogin_wrongUsername" time="2.623"/>
  <testcase classname="tests.LoginTest" name="invalidLogin_emptyFields" time="2.279"/>
  <testcase classname="tests.LoginTest" name="verifyLogin" time="2.627"/>
</testsuite> <!-- tests.LoginTest -->
